<?xml version="1.0" encoding="UTF-8"?>
<!-- Generated by org.testng.reporters.JUnitReportReporter -->
<testsuite hostname="Narayanan-PC" name="atf.tv3hub.suite.TestActionableEventSuite" tests="1" failures="0" timestamp="26 Aug 2015 12:16:27 GMT" time="153.620" errors="0">
  <testcase name="createIncidentFromAlarmView" time="153.620" classname="atf.tv3hub.suite.TestActionableEventSuite"/>
</testsuite> <!-- atf.tv3hub.suite.TestActionableEventSuite -->
